[1;33m[FastAPI] 12612 | [0m[1;37mOct-09-24 21:35:29 | [0m[1;33m[HTTPLoggingInterceptor] | [0mINFO: 📄 outgoing response: STATUS 200 | incoming request: METHOD GET | URL /api/v1/health
[1;33m[FastAPI] 12612 | [0m[1;37mOct-09-24 21:36:02 | [0m[1;33m[HTTPLoggingInterceptor] | [0mINFO: 📄 outgoing response: STATUS 200 | incoming request: METHOD GET | URL /api/v1/health
[1;33m[FastAPI] 4960 | [0m[1;37mOct-09-24 21:36:45 | [0m[1;33m[HTTPLoggingInterceptor] | [0mINFO: 📄 outgoing response: STATUS 200 | incoming request: METHOD GET | URL /api/v1/health
[1;33m[FastAPI] 6152 | [0m[1;37mOct-09-24 21:38:34 | [0m[1;33m[HTTPLoggingInterceptor] | [0mINFO: 📄 outgoing response: STATUS 200 | incoming request: METHOD GET | URL /api/v1/health
[1;33m[FastAPI] 11128 | [0m[1;37mOct-09-24 21:39:28 | [0m[1;33m[HTTPLoggingInterceptor] | [0mINFO: 📄 outgoing response: STATUS 200 | incoming request: METHOD GET | URL /api/v1/health
[1;33m[FastAPI] 21752 | [0m[1;37mOct-09-24 21:40:04 | [0m[1;33m[HTTPLoggingInterceptor] | [0mINFO: 📄 outgoing response: STATUS 200 | incoming request: METHOD GET | URL /api/v1/health
[1;33m[FastAPI] 16580 | [0m[1;37mOct-10-24 10:06:47 | [0m[1;33m[HTTPLoggingInterceptor] | [0mINFO: 📄 outgoing response: STATUS 200 | incoming request: METHOD GET | URL /api/v1/health
[1;33m[FastAPI] 15160 | [0m[1;37mOct-10-24 10:09:19 | [0m[1;33m[HTTPLoggingInterceptor] | [0mINFO: 📄 outgoing response: STATUS 200 | incoming request: METHOD GET | URL /api/v1/health
[1;33m[FastAPI] 21692 | [0m[1;37mOct-10-24 10:14:21 | [0m[1;33m[HTTPLoggingInterceptor] | [0mINFO: 📄 outgoing response: STATUS 200 | incoming request: METHOD GET | URL /api/v1/health
[1;33m[FastAPI] 1072 | [0m[1;37mOct-10-24 10:44:00 | [0m[1;33m[HTTPLoggingInterceptor] | [0mINFO: 📄 outgoing response: STATUS 200 | incoming request: METHOD GET | URL /api/v1/health
[1;33m[FastAPI] 1072 | [0m[1;37mOct-10-24 10:44:00 | [0m[1;33m[HTTPLoggingInterceptor] | [0mERROR: ❌ Unhandled error: '_StreamingResponse' object has no attribute 'body'
[1;33m[FastAPI] 20288 | [0m[1;37mOct-10-24 10:44:17 | [0m[1;33m[HTTPLoggingInterceptor] | [0mINFO: 📄 outgoing response: STATUS 200 | incoming request: METHOD GET | URL /api/v1/health
[1;33m[FastAPI] 20288 | [0m[1;37mOct-10-24 10:44:17 | [0m[1;33m[HTTPLoggingInterceptor] | [0mERROR: ❌ Unhandled error: '_StreamingResponse' object has no attribute 'body'
[1;33m[FastAPI] 18704 | [0m[1;37mOct-10-24 10:45:35 | [0m[1;33m[HTTPLoggingInterceptor] | [0mINFO: 📄 outgoing response: STATUS 200 | incoming request: METHOD GET | URL /api/v1/health
[1;33m[FastAPI] 18704 | [0m[1;37mOct-10-24 10:45:35 | [0m[1;33m[HTTPLoggingInterceptor] | [0mERROR: ❌ Unhandled error: '_StreamingResponse' object has no attribute 'body'
[1;33m[FastAPI] 19220 | [0m[1;37mOct-10-24 10:46:55 | [0m[1;33m[HTTPLoggingInterceptor] | [0mINFO: 📄 [INCOMING REQUEST] METHOD: GET | URL: /api/v1/health | REQUEST_BODY: <bound method Request.body of <starlette.middleware.base._CachedRequest object at 0x000001F1BE27E1E0>>outgoing response: STATUS 200 | 
[1;33m[FastAPI] 19220 | [0m[1;37mOct-10-24 10:46:55 | [0m[1;33m[HTTPLoggingInterceptor] | [0mERROR: ❌ Unhandled error: '_StreamingResponse' object has no attribute 'body'
[1;33m[FastAPI] 19576 | [0m[1;37mOct-10-24 10:48:47 | [0m[1;33m[HTTPLoggingInterceptor] | [0mERROR: ❌ Unhandled error: '_StreamingResponse' object has no attribute 'body'
[1;33m[FastAPI] 15612 | [0m[1;37mOct-10-24 10:49:11 | [0m[1;33m[HTTPLoggingInterceptor] | [0mERROR: ❌ Unhandled error: '_StreamingResponse' object has no attribute 'body'
[1;33m[FastAPI] 3536 | [0m[1;37mOct-10-24 10:50:35 | [0m[1;33m[HTTPLoggingInterceptor] | [0mERROR: ❌ Unhandled error: '_StreamingResponse' object has no attribute 'body'
[1;33m[FastAPI] 12772 | [0m[1;37mOct-10-24 10:51:21 | [0m[1;33m[HTTPLoggingInterceptor] | [0mERROR: ❌ Unhandled error: '_StreamingResponse' object has no attribute 'body'
[1;33m[FastAPI] 6872 | [0m[1;37mOct-10-24 10:52:01 | [0m[1;33m[HTTPLoggingInterceptor] | [0mERROR: ❌ Unhandled error: '_StreamingResponse' object has no attribute 'body'
[1;33m[FastAPI] 18248 | [0m[1;37mOct-10-24 10:52:41 | [0m[1;33m[HTTPLoggingInterceptor] | [0mERROR: ❌ Unhandled error: '_StreamingResponse' object has no attribute 'body'
[1;33m[FastAPI] 18000 | [0m[1;37mOct-10-24 10:53:50 | [0m[1;33m[HTTPLoggingInterceptor] | [0mERROR: ❌ Unhandled error: '_StreamingResponse' object has no attribute 'body'
[1;33m[FastAPI] 11788 | [0m[1;37mOct-10-24 10:54:54 | [0m[1;33m[HTTPLoggingInterceptor] | [0mINFO: 📄 [INCOMING REQUEST] METHOD: GET | URL: /api/v1/health | REQUEST_BODY: <starlette.middleware.base._CachedRequest object at 0x0000029A7212E060>[OUTGOING RESPONSE] STATUS: 200 | RESPONSE_BODY: <starlette.middleware.base._StreamingResponse object at 0x0000029A7212D910>  
[1;33m[FastAPI] 11788 | [0m[1;37mOct-10-24 10:54:54 | [0m[1;33m[HTTPLoggingInterceptor] | [0mERROR: ❌ Unhandled error: Object of type method is not JSON serializable
[1;33m[FastAPI] 16444 | [0m[1;37mOct-10-24 10:55:33 | [0m[1;33m[HTTPLoggingInterceptor] | [0mERROR: ❌ Unhandled error: name 'keys' is not defined
[1;33m[FastAPI] 18076 | [0m[1;37mOct-10-24 10:55:56 | [0m[1;33m[HTTPLoggingInterceptor] | [0mINFO: 📄 [INCOMING REQUEST] METHOD: GET | URL: /api/v1/health | REQUEST_BODY: <starlette.middleware.base._CachedRequest object at 0x000001A6BAB3DF40>[OUTGOING RESPONSE] STATUS: 200 | RESPONSE_BODY: <starlette.middleware.base._StreamingResponse object at 0x000001A6BAB3F4A0>  
[1;33m[FastAPI] 18076 | [0m[1;37mOct-10-24 10:55:56 | [0m[1;33m[HTTPLoggingInterceptor] | [0mERROR: ❌ Unhandled error: Object of type method is not JSON serializable
[1;33m[FastAPI] 13232 | [0m[1;37mOct-10-24 10:56:13 | [0m[1;33m[HTTPLoggingInterceptor] | [0mINFO: 📄 [INCOMING REQUEST] METHOD: GET | URL: /api/v1/health | REQUEST_BODY: <starlette.middleware.base._CachedRequest object at 0x000001CB6A73DF10>[OUTGOING RESPONSE] STATUS: 200 | RESPONSE_BODY: <starlette.middleware.base._StreamingResponse object at 0x000001CB6A73D850>  
[1;33m[FastAPI] 19372 | [0m[1;37mOct-10-24 10:56:28 | [0m[1;33m[HTTPLoggingInterceptor] | [0mINFO: 📄 [INCOMING REQUEST] METHOD: GET | URL: /api/v1/health | REQUEST_BODY: <starlette.middleware.base._CachedRequest object at 0x00000231635EDF10>[OUTGOING RESPONSE] STATUS: 200 | RESPONSE_BODY: <starlette.middleware.base._StreamingResponse object at 0x000002316355D0D0>  
[1;33m[FastAPI] 19372 | [0m[1;37mOct-10-24 10:56:28 | [0m[1;33m[HTTPLoggingInterceptor] | [0mERROR: ❌ Unhandled error: Object of type ResponseModel is not JSON serializable
[1;33m[FastAPI] 16240 | [0m[1;37mOct-10-24 10:56:50 | [0m[1;33m[HTTPLoggingInterceptor] | [0mINFO: 📄 [INCOMING REQUEST] METHOD: GET | URL: /api/v1/health | REQUEST_BODY: <starlette.middleware.base._CachedRequest object at 0x00000271D894DCA0>[OUTGOING RESPONSE] STATUS: 200 | RESPONSE_BODY: <starlette.middleware.base._StreamingResponse object at 0x00000271D894D910>  
[1;33m[FastAPI] 22500 | [0m[1;37mOct-10-24 10:57:01 | [0m[1;33m[HTTPLoggingInterceptor] | [0mINFO: 📄 [INCOMING REQUEST] METHOD: GET | URL: /api/v1/health | REQUEST_BODY: <starlette.middleware.base._CachedRequest object at 0x000001FD6898DF10>[OUTGOING RESPONSE] STATUS: 200 | RESPONSE_BODY: <starlette.middleware.base._StreamingResponse object at 0x000001FD6898D850>  
[1;33m[FastAPI] 7864 | [0m[1;37mOct-10-24 10:58:08 | [0m[1;33m[HTTPLoggingInterceptor] | [0mERROR: ❌ Unhandled error: '_CachedRequest' object has no attribute 'content'
[1;33m[FastAPI] 6732 | [0m[1;37mOct-10-24 10:58:22 | [0m[1;33m[HTTPLoggingInterceptor] | [0mERROR: ❌ Unhandled error: '_StreamingResponse' object has no attribute 'content'
[1;33m[FastAPI] 3968 | [0m[1;37mOct-10-24 11:00:29 | [0m[1;33m[HTTPLoggingInterceptor] | [0mINFO: 📄 [INCOMING REQUEST] METHOD: GET | URL: /api/v1/health | REQUEST_BODY: <starlette.middleware.base._CachedRequest object at 0x0000022DA1CCDCA0>[OUTGOING RESPONSE] STATUS: 200 | RESPONSE_BODY: <starlette.middleware.base._StreamingResponse object at 0x0000022DA1CCD910>  
[1;33m[FastAPI] 3968 | [0m[1;37mOct-10-24 11:00:29 | [0m[1;33m[HTTPLoggingInterceptor] | [0mERROR: ❌ Unhandled error: 'coroutine' object has no attribute 'json'
[1;33m[FastAPI] 18976 | [0m[1;37mOct-10-24 11:01:25 | [0m[1;33m[HTTPLoggingInterceptor] | [0mINFO: 📄 [INCOMING REQUEST] METHOD: GET | URL: /api/v1/health | REQUEST_BODY: <starlette.middleware.base._CachedRequest object at 0x000001F67160DF40>[OUTGOING RESPONSE] STATUS: 200 | RESPONSE_BODY: <starlette.middleware.base._StreamingResponse object at 0x000001F67162F5C0>  
[1;33m[FastAPI] 18976 | [0m[1;37mOct-10-24 11:01:25 | [0m[1;33m[HTTPLoggingInterceptor] | [0mERROR: ❌ Unhandled error: 'coroutine' object has no attribute 'dict'
[1;33m[FastAPI] 17640 | [0m[1;37mOct-10-24 11:01:36 | [0m[1;33m[HTTPLoggingInterceptor] | [0mINFO: 📄 [INCOMING REQUEST] METHOD: GET | URL: /api/v1/health | REQUEST_BODY: <starlette.middleware.base._CachedRequest object at 0x000002262553DCA0>[OUTGOING RESPONSE] STATUS: 200 | RESPONSE_BODY: <starlette.middleware.base._StreamingResponse object at 0x000002262553D850>  
[1;33m[FastAPI] 17640 | [0m[1;37mOct-10-24 11:01:36 | [0m[1;33m[HTTPLoggingInterceptor] | [0mERROR: ❌ Unhandled error: Object of type coroutine is not JSON serializable
[1;33m[FastAPI] 15680 | [0m[1;37mOct-10-24 11:02:34 | [0m[1;33m[HTTPLoggingInterceptor] | [0mINFO: 📄 [INCOMING REQUEST] METHOD: GET | URL: /api/v1/health | REQUEST_BODY: <starlette.middleware.base._CachedRequest object at 0x0000014E6337DFD0>[OUTGOING RESPONSE] STATUS: 200 | RESPONSE_BODY: <starlette.middleware.base._StreamingResponse object at 0x0000014E6339F620>  
[1;33m[FastAPI] 15680 | [0m[1;37mOct-10-24 11:02:34 | [0m[1;33m[HTTPLoggingInterceptor] | [0mERROR: ❌ Unhandled error: Object of type coroutine is not JSON serializable
[1;33m[FastAPI] 21652 | [0m[1;37mOct-10-24 11:03:39 | [0m[1;33m[HTTPLoggingInterceptor] | [0mINFO: 📄 [INCOMING REQUEST] METHOD: GET | URL: /api/v1/health | REQUEST_BODY: <starlette.middleware.base._CachedRequest object at 0x000001F4D327DCA0>[OUTGOING RESPONSE] STATUS: 200 | RESPONSE_BODY: <starlette.middleware.base._StreamingResponse object at 0x000001F4D327D0D0>  
[1;33m[FastAPI] 21652 | [0m[1;37mOct-10-24 11:03:39 | [0m[1;33m[HTTPLoggingInterceptor] | [0mERROR: ❌ Unhandled error: Object of type coroutine is not JSON serializable
[1;33m[FastAPI] 20300 | [0m[1;37mOct-10-24 11:03:59 | [0m[1;33m[HTTPLoggingInterceptor] | [0mINFO: 📄 [INCOMING REQUEST] METHOD: GET | URL: /api/v1/health | REQUEST_BODY: <starlette.middleware.base._CachedRequest object at 0x0000028AA733DB80>[OUTGOING RESPONSE] STATUS: 200 | RESPONSE_BODY: <starlette.middleware.base._StreamingResponse object at 0x0000028AA735F4A0>  
[1;33m[FastAPI] 20300 | [0m[1;37mOct-10-24 11:03:59 | [0m[1;33m[HTTPLoggingInterceptor] | [0mERROR: ❌ Unhandled error: Object of type coroutine is not JSON serializable
[1;33m[FastAPI] 20896 | [0m[1;37mOct-10-24 11:04:23 | [0m[1;33m[HTTPLoggingInterceptor] | [0mINFO: 📄 [INCOMING REQUEST] METHOD: GET | URL: /api/v1/health | REQUEST_BODY: <starlette.middleware.base._CachedRequest object at 0x000001D1F318DC40>[OUTGOING RESPONSE] STATUS: 200 | RESPONSE_BODY: <starlette.middleware.base._StreamingResponse object at 0x000001D1F318D0D0>  
[1;33m[FastAPI] 20896 | [0m[1;37mOct-10-24 11:04:23 | [0m[1;33m[HTTPLoggingInterceptor] | [0mERROR: ❌ Unhandled error: Object of type ResponseModel is not JSON serializable
[1;33m[FastAPI] 21276 | [0m[1;37mOct-10-24 11:05:35 | [0m[1;33m[HTTPLoggingInterceptor] | [0mINFO: 📄 [INCOMING REQUEST] METHOD: GET | URL: /api/v1/health | [OUTGOING RESPONSE] STATUS: 200
[1;33m[FastAPI] 21276 | [0m[1;37mOct-10-24 11:05:35 | [0m[1;33m[HTTPLoggingInterceptor] | [0mERROR: ❌ Unhandled error: Object of type ResponseModel is not JSON serializable
[1;33m[FastAPI] 1012 | [0m[1;37mOct-10-24 11:06:06 | [0m[1;33m[HTTPLoggingInterceptor] | [0mINFO: 📄 [INCOMING REQUEST] METHOD: GET | URL: /api/v1/health | [OUTGOING RESPONSE] STATUS: 200
[1;33m[FastAPI] 21084 | [0m[1;37mOct-10-24 11:06:23 | [0m[1;33m[HTTPLoggingInterceptor] | [0mINFO: 📄 [INCOMING REQUEST] METHOD: GET | URL: /api/v1/health | [OUTGOING RESPONSE] STATUS: 200
[1;33m[FastAPI] 10304 | [0m[1;37mOct-10-24 11:06:40 | [0m[1;33m[HTTPLoggingInterceptor] | [0mINFO: 📄 [INCOMING REQUEST] METHOD: GET | URL: /api/v1/health | [OUTGOING RESPONSE] STATUS: 200
[1;33m[FastAPI] 19044 | [0m[1;37mOct-10-24 11:07:19 | [0m[1;33m[HTTPLoggingInterceptor] | [0mINFO: 📄 [INCOMING REQUEST] METHOD: GET | URL: /api/v1/health | [OUTGOING RESPONSE] STATUS: 200
[1;33m[FastAPI] 13800 | [0m[1;37mOct-10-24 11:07:58 | [0m[1;33m[HTTPLoggingInterceptor] | [0mINFO: 📄 [INCOMING REQUEST] METHOD: GET | URL: /api/v1/health | [OUTGOING RESPONSE] STATUS: 200
[1;33m[FastAPI] 19144 | [0m[1;37mOct-10-24 11:08:52 | [0m[1;33m[HTTPLoggingInterceptor] | [0mERROR: ❌ Unhandled error: Expecting value: line 1 column 1 (char 0)
[1;33m[FastAPI] 8472 | [0m[1;37mOct-10-24 11:09:56 | [0m[1;33m[HTTPLoggingInterceptor] | [0mINFO: 📄 [INCOMING REQUEST] METHOD: GET | URL: /api/v1/health | REQUEST_BODY: None [OUTGOING RESPONSE] STATUS: 200
[1;33m[FastAPI] 18344 | [0m[1;37mOct-10-24 11:12:55 | [0m[1;33m[HTTPLoggingInterceptor] | [0mINFO: 📄 [INCOMING REQUEST] METHOD: GET | URL: /api/v1/health | [OUTGOING RESPONSE] STATUS: 200
[1;33m[FastAPI] 18344 | [0m[1;37mOct-10-24 11:12:55 | [0m[1;33m[HTTPLoggingInterceptor] | [0mERROR: ❌ Unhandled error: '_StreamingResponse' object has no attribute 'body'
[1;33m[FastAPI] 12588 | [0m[1;37mOct-10-24 11:13:09 | [0m[1;33m[HTTPLoggingInterceptor] | [0mINFO: 📄 [INCOMING REQUEST] METHOD: GET | URL: /api/v1/health | [OUTGOING RESPONSE] STATUS: 200
[1;33m[FastAPI] 3380 | [0m[1;37mOct-10-24 11:14:44 | [0m[1;33m[HTTPLoggingInterceptor] | [0mINFO: 📄 [INCOMING REQUEST] METHOD: GET | URL: /api/v1/health | [OUTGOING RESPONSE] STATUS: 200
[1;33m[FastAPI] 3380 | [0m[1;37mOct-10-24 11:14:44 | [0m[1;33m[HTTPLoggingInterceptor] | [0mERROR: ❌ Unhandled error: '_StreamingResponse' object has no attribute 'body'
[1;33m[FastAPI] 12840 | [0m[1;37mOct-10-24 11:15:03 | [0m[1;33m[HTTPLoggingInterceptor] | [0mINFO: 📄 [INCOMING REQUEST] METHOD: GET | URL: /api/v1/health | [OUTGOING RESPONSE] STATUS: 200
[1;33m[FastAPI] 12840 | [0m[1;37mOct-10-24 11:15:03 | [0m[1;33m[HTTPLoggingInterceptor] | [0mINFO: 📄 Response Body: None
[1;33m[FastAPI] 12840 | [0m[1;37mOct-10-24 11:15:27 | [0m[1;33m[HTTPLoggingInterceptor] | [0mINFO: 📄 [INCOMING REQUEST] METHOD: GET | URL: /api/v1/health | [OUTGOING RESPONSE] STATUS: 200
[1;33m[FastAPI] 12840 | [0m[1;37mOct-10-24 11:15:27 | [0m[1;33m[HTTPLoggingInterceptor] | [0mINFO: 📄 Response Body: None
[1;33m[FastAPI] 18000 | [0m[1;37mOct-10-24 11:16:09 | [0m[1;33m[HTTPLoggingInterceptor] | [0mINFO: 📄 [INCOMING REQUEST] METHOD: GET | URL: /api/v1/health | [OUTGOING RESPONSE] STATUS: 200
[1;33m[FastAPI] 18000 | [0m[1;37mOct-10-24 11:16:09 | [0m[1;33m[HTTPLoggingInterceptor] | [0mINFO: 📄 Response Body: None
[1;33m[FastAPI] 21380 | [0m[1;37mOct-10-24 11:16:22 | [0m[1;33m[HTTPLoggingInterceptor] | [0mINFO: 📄 [INCOMING REQUEST] METHOD: GET | URL: /api/v1/health | [OUTGOING RESPONSE] STATUS: 200
[1;33m[FastAPI] 21380 | [0m[1;37mOct-10-24 11:16:22 | [0m[1;33m[HTTPLoggingInterceptor] | [0mINFO: 📄 Media Type: None
[1;33m[FastAPI] 19472 | [0m[1;37mOct-10-24 11:18:20 | [0m[1;33m[HTTPLoggingInterceptor] | [0mERROR: ❌ Unhandled error: name 'health_service' is not defined
[1;33m[FastAPI] 21564 | [0m[1;37mOct-10-24 11:18:34 | [0m[1;33m[HTTPLoggingInterceptor] | [0mERROR: ❌ Unhandled error: 'HealthController' object has no attribute 'health_service'
[1;33m[FastAPI] 9768 | [0m[1;37mOct-10-24 11:19:31 | [0m[1;33m[HTTPLoggingInterceptor] | [0mINFO: 📄 [INCOMING REQUEST] METHOD: GET | URL: /api/v1/health | [OUTGOING RESPONSE] STATUS: 200
[1;33m[FastAPI] 9768 | [0m[1;37mOct-10-24 11:19:31 | [0m[1;33m[HTTPLoggingInterceptor] | [0mINFO: 📄 Media Type: None
[1;33m[FastAPI] 20056 | [0m[1;37mOct-10-24 11:20:44 | [0m[1;33m[HTTPLoggingInterceptor] | [0mERROR: ❌ Unhandled error: 1 validation errors:
  {'type': 'model_attributes_type', 'loc': ('response',), 'msg': 'Input should be a valid dictionary or object to extract fields from', 'input': None}

[1;33m[FastAPI] 10104 | [0m[1;37mOct-10-24 11:21:39 | [0m[1;33m[HTTPLoggingInterceptor] | [0mERROR: ❌ Unhandled error: 1 validation errors:
  {'type': 'model_attributes_type', 'loc': ('response',), 'msg': 'Input should be a valid dictionary or object to extract fields from', 'input': None}

[1;33m[FastAPI] 22452 | [0m[1;37mOct-10-24 11:22:14 | [0m[1;33m[HTTPLoggingInterceptor] | [0mERROR: ❌ Unhandled error: 1 validation errors:
  {'type': 'model_attributes_type', 'loc': ('response',), 'msg': 'Input should be a valid dictionary or object to extract fields from', 'input': None}

[1;33m[FastAPI] 17168 | [0m[1;37mOct-10-24 11:22:44 | [0m[1;33m[HTTPLoggingInterceptor] | [0mERROR: ❌ Unhandled error: 1 validation errors:
  {'type': 'model_attributes_type', 'loc': ('response',), 'msg': 'Input should be a valid dictionary or object to extract fields from', 'input': None}

[1;33m[FastAPI] 9112 | [0m[1;37mOct-10-24 11:22:56 | [0m[1;33m[HTTPLoggingInterceptor] | [0mERROR: ❌ Unhandled error: 1 validation errors:
  {'type': 'model_attributes_type', 'loc': ('response',), 'msg': 'Input should be a valid dictionary or object to extract fields from', 'input': None}

[1;33m[FastAPI] 14876 | [0m[1;37mOct-10-24 11:23:17 | [0m[1;33m[HTTPLoggingInterceptor] | [0mERROR: ❌ Unhandled error: 1 validation errors:
  {'type': 'model_attributes_type', 'loc': ('response',), 'msg': 'Input should be a valid dictionary or object to extract fields from', 'input': None}

[1;33m[FastAPI] 21088 | [0m[1;37mOct-10-24 11:23:40 | [0m[1;33m[HTTPLoggingInterceptor] | [0mERROR: ❌ Unhandled error: 1 validation errors:
  {'type': 'model_attributes_type', 'loc': ('response',), 'msg': 'Input should be a valid dictionary or object to extract fields from', 'input': None}

[1;33m[FastAPI] 20004 | [0m[1;37mOct-10-24 11:23:57 | [0m[1;33m[HTTPLoggingInterceptor] | [0mERROR: ❌ Unhandled error: 1 validation errors:
  {'type': 'model_attributes_type', 'loc': ('response',), 'msg': 'Input should be a valid dictionary or object to extract fields from', 'input': None}

[1;33m[FastAPI] 16000 | [0m[1;37mOct-10-24 11:25:01 | [0m[1;33m[HTTPLoggingInterceptor] | [0mERROR: ❌ Unhandled error: 1 validation errors:
  {'type': 'model_attributes_type', 'loc': ('response',), 'msg': 'Input should be a valid dictionary or object to extract fields from', 'input': None}

[1;33m[FastAPI] 4940 | [0m[1;37mOct-10-24 11:25:48 | [0m[1;33m[HTTPLoggingInterceptor] | [0mERROR: ❌ Unhandled error: 1 validation errors:
  {'type': 'model_attributes_type', 'loc': ('response',), 'msg': 'Input should be a valid dictionary or object to extract fields from', 'input': None}

[1;33m[FastAPI] 14676 | [0m[1;37mOct-10-24 11:28:09 | [0m[1;33m[HTTPLoggingInterceptor] | [0mERROR: ❌ Unhandled error: 1 validation errors:
  {'type': 'model_attributes_type', 'loc': ('response',), 'msg': 'Input should be a valid dictionary or object to extract fields from', 'input': None}

[1;33m[FastAPI] 20112 | [0m[1;37mOct-10-24 11:28:56 | [0m[1;33m[HTTPLoggingInterceptor] | [0mINFO: 📄 [INCOMING REQUEST] METHOD: GET | URL: /api/v1/health | [OUTGOING RESPONSE] STATUS: 200
[1;33m[FastAPI] 20112 | [0m[1;37mOct-10-24 11:28:56 | [0m[1;33m[HTTPLoggingInterceptor] | [0mINFO: 📄 Media: None
[1;33m[FastAPI] 20112 | [0m[1;37mOct-10-24 11:28:56 | [0m[1;33m[HTTPLoggingInterceptor] | [0mERROR: ❌ Unhandled error: 2 validation errors for ResponseModel
data.dict[str,nullable[union[str,int,float,bool]]]
  Input should be a valid dictionary [type=dict_type, input_value='OK', input_type=str]
    For further information visit https://errors.pydantic.dev/2.9/v/dict_type
data.list[nullable[union[str,int,float,bool]]]
  Input should be a valid list [type=list_type, input_value='OK', input_type=str]
    For further information visit https://errors.pydantic.dev/2.9/v/list_type
[1;33m[FastAPI] 20112 | [0m[1;37mOct-10-24 11:29:01 | [0m[1;33m[HTTPLoggingInterceptor] | [0mINFO: 📄 [INCOMING REQUEST] METHOD: GET | URL: /api/v1/health | [OUTGOING RESPONSE] STATUS: 200
[1;33m[FastAPI] 20112 | [0m[1;37mOct-10-24 11:29:01 | [0m[1;33m[HTTPLoggingInterceptor] | [0mINFO: 📄 Media: None
[1;33m[FastAPI] 20112 | [0m[1;37mOct-10-24 11:29:01 | [0m[1;33m[HTTPLoggingInterceptor] | [0mERROR: ❌ Unhandled error: 2 validation errors for ResponseModel
data.dict[str,nullable[union[str,int,float,bool]]]
  Input should be a valid dictionary [type=dict_type, input_value='OK', input_type=str]
    For further information visit https://errors.pydantic.dev/2.9/v/dict_type
data.list[nullable[union[str,int,float,bool]]]
  Input should be a valid list [type=list_type, input_value='OK', input_type=str]
    For further information visit https://errors.pydantic.dev/2.9/v/list_type
[1;33m[FastAPI] 7540 | [0m[1;37mOct-10-24 11:29:11 | [0m[1;33m[HTTPLoggingInterceptor] | [0mINFO: 📄 [INCOMING REQUEST] METHOD: GET | URL: /api/v1/health | [OUTGOING RESPONSE] STATUS: 200
[1;33m[FastAPI] 7540 | [0m[1;37mOct-10-24 11:29:11 | [0m[1;33m[HTTPLoggingInterceptor] | [0mINFO: 📄 Media: None
[1;33m[FastAPI] 7540 | [0m[1;37mOct-10-24 11:29:11 | [0m[1;33m[HTTPLoggingInterceptor] | [0mERROR: ❌ Unhandled error: 2 validation errors for ResponseModel
data.dict[str,nullable[union[str,int,float,bool]]]
  Input should be a valid dictionary [type=dict_type, input_value='OK', input_type=str]
    For further information visit https://errors.pydantic.dev/2.9/v/dict_type
data.list[nullable[union[str,int,float,bool]]]
  Input should be a valid list [type=list_type, input_value='OK', input_type=str]
    For further information visit https://errors.pydantic.dev/2.9/v/list_type
[1;33m[FastAPI] 6084 | [0m[1;37mOct-10-24 11:29:41 | [0m[1;33m[HTTPLoggingInterceptor] | [0mINFO: 📄 [INCOMING REQUEST] METHOD: GET | URL: /api/v1/health | [OUTGOING RESPONSE] STATUS: 200
[1;33m[FastAPI] 6084 | [0m[1;37mOct-10-24 11:29:41 | [0m[1;33m[HTTPLoggingInterceptor] | [0mINFO: 📄 Media: None
[1;33m[FastAPI] 13444 | [0m[1;37mOct-10-24 16:08:35 | [0m[1;33m[HTTPLoggingInterceptor] | [0mINFO: 📄 [INCOMING REQUEST] METHOD: GET | URL: /api/v1/health | [OUTGOING RESPONSE] STATUS: 200
[1;33m[FastAPI] 13444 | [0m[1;37mOct-10-24 16:08:35 | [0m[1;33m[HTTPLoggingInterceptor] | [0mERROR: ❌ Unhandled error: '_StreamingResponse' object has no attribute 'body'
[1;33m[FastAPI] 17348 | [0m[1;37mOct-10-24 16:09:46 | [0m[1;33m[HTTPLoggingInterceptor] | [0mINFO: 📄 [INCOMING REQUEST] METHOD: GET | URL: /api/v1/health | [OUTGOING RESPONSE] STATUS: 200
[1;33m[FastAPI] 17348 | [0m[1;37mOct-10-24 16:09:46 | [0m[1;33m[HTTPLoggingInterceptor] | [0mINFO: 📄 Media: None
[1;33m[FastAPI] 17348 | [0m[1;37mOct-10-24 16:09:46 | [0m[1;33m[HTTPLoggingInterceptor] | [0mERROR: ❌ Unhandled error: 2 validation errors for ResponseModel
data.dict[str,nullable[union[str,int,float,bool]]]
  Input should be a valid dictionary [type=dict_type, input_value='{"message":"🚀 Service up and running"}', input_type=str]
    For further information visit https://errors.pydantic.dev/2.9/v/dict_type
data.list[nullable[union[str,int,float,bool]]]
  Input should be a valid list [type=list_type, input_value='{"message":"🚀 Service up and running"}', input_type=str]
    For further information visit https://errors.pydantic.dev/2.9/v/list_type
[1;33m[FastAPI] 17656 | [0m[1;37mOct-10-24 16:11:24 | [0m[1;33m[HTTPLoggingInterceptor] | [0mINFO: 📄 [INCOMING REQUEST] METHOD: GET | URL: /api/v1/health | [OUTGOING RESPONSE] STATUS: 200
[1;33m[FastAPI] 17656 | [0m[1;37mOct-10-24 16:11:24 | [0m[1;33m[HTTPLoggingInterceptor] | [0mINFO: 📄 Media: None
[1;33m[FastAPI] 20352 | [0m[1;37mOct-10-24 16:12:18 | [0m[1;33m[HTTPLoggingInterceptor] | [0mINFO: 📄 [INCOMING REQUEST] METHOD: GET | URL: /api/v1/health | [OUTGOING RESPONSE] STATUS: 200
[1;33m[FastAPI] 20352 | [0m[1;37mOct-10-24 16:12:18 | [0m[1;33m[HTTPLoggingInterceptor] | [0mINFO: 📄 Media: None
[1;33m[FastAPI] 20352 | [0m[1;37mOct-10-24 16:12:18 | [0m[1;33m[HTTPLoggingInterceptor] | [0mERROR: ❌ Unhandled error: Object of type ResponseModel is not JSON serializable
[1;33m[FastAPI] 17976 | [0m[1;37mOct-10-24 16:12:34 | [0m[1;33m[HTTPLoggingInterceptor] | [0mINFO: 📄 [INCOMING REQUEST] METHOD: GET | URL: /api/v1/health | [OUTGOING RESPONSE] STATUS: 200
[1;33m[FastAPI] 17976 | [0m[1;37mOct-10-24 16:12:34 | [0m[1;33m[HTTPLoggingInterceptor] | [0mINFO: 📄 Media: None
[1;33m[FastAPI] 3896 | [0m[1;37mOct-10-24 16:12:46 | [0m[1;33m[HTTPLoggingInterceptor] | [0mINFO: 📄 [INCOMING REQUEST] METHOD: GET | URL: /api/v1/health | [OUTGOING RESPONSE] STATUS: 200
[1;33m[FastAPI] 3896 | [0m[1;37mOct-10-24 16:12:46 | [0m[1;33m[HTTPLoggingInterceptor] | [0mINFO: 📄 Media: None
[1;33m[FastAPI] 1528 | [0m[1;37mOct-10-24 16:13:57 | [0m[1;33m[HTTPLoggingInterceptor] | [0mINFO: 📄 [INCOMING REQUEST] METHOD: GET | URL: /api/v1/health | [OUTGOING RESPONSE] STATUS: 200
[1;33m[FastAPI] 1528 | [0m[1;37mOct-10-24 16:13:57 | [0m[1;33m[HTTPLoggingInterceptor] | [0mINFO: 📄 Media: None
[1;33m[FastAPI] 1528 | [0m[1;37mOct-10-24 16:13:57 | [0m[1;33m[HTTPLoggingInterceptor] | [0mERROR: ❌ Unhandled error: Object of type bytes is not JSON serializable
[1;33m[FastAPI] 17544 | [0m[1;37mOct-10-24 16:15:07 | [0m[1;33m[HTTPLoggingInterceptor] | [0mINFO: 📄 [INCOMING REQUEST] METHOD: GET | URL: /api/v1/health | [OUTGOING RESPONSE] STATUS: 200
[1;33m[FastAPI] 17544 | [0m[1;37mOct-10-24 16:15:39 | [0m[1;33m[HTTPLoggingInterceptor] | [0mINFO: 📄 [INCOMING REQUEST] METHOD: GET | URL: /api/v1/health | [OUTGOING RESPONSE] STATUS: 200
[1;33m[FastAPI] 13648 | [0m[1;37mOct-10-24 16:16:11 | [0m[1;33m[HTTPLoggingInterceptor] | [0mINFO: 📄 [INCOMING REQUEST] METHOD: GET | URL: /api/v1/health | [OUTGOING RESPONSE] STATUS: 200
[1;33m[FastAPI] 19828 | [0m[1;37mOct-10-24 16:16:35 | [0m[1;33m[HTTPLoggingInterceptor] | [0mINFO: 📄 [INCOMING REQUEST] METHOD: GET | URL: /api/v1/health | [OUTGOING RESPONSE] STATUS: 200 | RESPONSE_BODY: {'message': '🚀 Service up and running'}
[1;33m[FastAPI] 8744 | [0m[1;37mOct-10-24 16:18:21 | [0m[1;33m[HTTPLoggingInterceptor] | [0mERROR: ❌ Unhandled error: 1 validation error for ResponseModel
success
  Input should be a valid string [type=string_type, input_value=True, input_type=bool]
    For further information visit https://errors.pydantic.dev/2.9/v/string_type
[1;33m[FastAPI] 20380 | [0m[1;37mOct-10-24 16:21:14 | [0m[1;33m[HTTPLoggingInterceptor] | [0mERROR: ❌ Unhandled error: '_StreamingResponse' object has no attribute 'status'
[1;33m[FastAPI] 13340 | [0m[1;37mOct-10-24 16:21:26 | [0m[1;33m[HTTPLoggingInterceptor] | [0mINFO: 📄 [INCOMING REQUEST] METHOD: GET | URL: /api/v1/health | [OUTGOING RESPONSE] STATUS: 200 | RESPONSE_BODY: {'message': '🚀 Service up and running'}
[1;33m[FastAPI] 8988 | [0m[1;37mOct-10-24 16:22:27 | [0m[1;33m[HTTPLoggingInterceptor] | [0mINFO: 📄 [INCOMING REQUEST] METHOD: GET | URL: /api/v1/health | [OUTGOING RESPONSE] STATUS: 200 | RESPONSE_BODY: {'message': '🚀 Service up and running'}
[1;33m[FastAPI] 12076 | [0m[1;37mOct-10-24 16:25:30 | [0m[1;33m[HTTPLoggingInterceptor] | [0mINFO: 📄 [INCOMING REQUEST] METHOD: GET | URL: /api/v1/health | HEADERS: Headers({'content-type': 'application/json', 'user-agent': 'PostmanRuntime/7.42.0', 'accept': '*/*', 'cache-control': 'no-cache', 'postman-token': '494028e0-3313-457c-959a-38b9e66126f6', 'host': 'localhost:8000', 'accept-encoding': 'gzip, deflate, br', 'connection': 'keep-alive'}) [OUTGOING RESPONSE] STATUS: 200 | RESPONSE_BODY: {'message': '🚀 Service up and running'}
[1;33m[FastAPI] 15688 | [0m[1;37mOct-10-24 16:35:31 | [0m[1;33m[HTTPLoggingInterceptor] | [0mINFO: 📄 [INCOMING REQUEST] METHOD: GET | URL: /api/v1/health | HEADERS: Headers({'content-type': 'application/json', 'user-agent': 'PostmanRuntime/7.42.0', 'accept': '*/*', 'cache-control': 'no-cache', 'postman-token': 'f2ab3d10-aaf3-4f50-82f7-8f717b05da13', 'host': 'localhost:8000', 'accept-encoding': 'gzip, deflate, br', 'connection': 'keep-alive'}) [OUTGOING RESPONSE] STATUS: 200 | RESPONSE_BODY: {'message': '🚀 Service up and running'}
[1;33m[FastAPI] 20380 | [0m[1;37mOct-10-24 16:47:12 | [0m[1;33m[HTTPLoggingInterceptor] | [0mINFO: 📄 [INCOMING REQUEST] METHOD: GET | URL: /api/v1/health | HEADERS: Headers({'content-type': 'application/json', 'user-agent': 'PostmanRuntime/7.42.0', 'accept': '*/*', 'cache-control': 'no-cache', 'postman-token': 'aaaae2f8-0154-470c-a5cb-338212d030fa', 'host': 'localhost:8000', 'accept-encoding': 'gzip, deflate, br', 'connection': 'keep-alive'}) [OUTGOING RESPONSE] STATUS: 200 | RESPONSE_BODY: {'message': '🚀 Service up and running'}
[1;33m[FastAPI] 1508 | [0m[1;37mOct-10-24 16:52:43 | [0m[1;33m[HTTPLoggingInterceptor] | [0mINFO: 📄 [INCOMING REQUEST] METHOD: GET | URL: /api/v1/health | HEADERS: Headers({'content-type': 'application/json', 'user-agent': 'PostmanRuntime/7.42.0', 'accept': '*/*', 'cache-control': 'no-cache', 'postman-token': '5f4b6511-5388-43a4-a050-5270e7d87b75', 'host': 'localhost:8000', 'accept-encoding': 'gzip, deflate, br', 'connection': 'keep-alive'}) [OUTGOING RESPONSE] STATUS: 200 | RESPONSE_BODY: {'message': '🚀 Service up and running'}
[1;33m[FastAPI] 16612 | [0m[1;37mOct-10-24 17:02:03 | [0m[1;33m[HTTPLoggingInterceptor] | [0mINFO: 📄 [INCOMING REQUEST] METHOD: GET | URL: /api/v1/health | HEADERS: Headers({'content-type': 'application/json', 'user-agent': 'PostmanRuntime/7.42.0', 'accept': '*/*', 'cache-control': 'no-cache', 'postman-token': 'ffee0d5d-e63e-4277-903a-9123f6b5bdc2', 'host': 'localhost:8000', 'accept-encoding': 'gzip, deflate, br', 'connection': 'keep-alive'}) [OUTGOING RESPONSE] STATUS: 200 | RESPONSE_BODY: {'message': '🚀 Service up and running'}
[1;33m[FastAPI] 15624 | [0m[1;37mOct-10-24 17:10:35 | [0m[1;33m[HTTPLoggingInterceptor] | [0mINFO: 📄 [INCOMING REQUEST] METHOD: GET | URL: /api/v1/health | HEADERS: Headers({'content-type': 'application/json', 'user-agent': 'PostmanRuntime/7.42.0', 'accept': '*/*', 'cache-control': 'no-cache', 'postman-token': '37961aa1-6de9-4d70-bd32-7f13e03d69ca', 'host': 'localhost:8000', 'accept-encoding': 'gzip, deflate, br', 'connection': 'keep-alive'}) [OUTGOING RESPONSE] STATUS: 404 | RESPONSE_BODY: {'status': 404, 'success': 'error', 'message': 'This endpoint does not exist.', 'data': None, 'timestamp': '2024-10-10T22:10:35.973467+00:00'}
[1;33m[FastAPI] 7508 | [0m[1;37mOct-10-24 17:10:58 | [0m[1;33m[HTTPLoggingInterceptor] | [0mINFO: 📄 [INCOMING REQUEST] METHOD: GET | URL: /api/v1/health | HEADERS: Headers({'content-type': 'application/json', 'user-agent': 'PostmanRuntime/7.42.0', 'accept': '*/*', 'cache-control': 'no-cache', 'postman-token': '9e731ed7-852a-458f-9361-6b1758fc8f3f', 'host': 'localhost:8000', 'accept-encoding': 'gzip, deflate, br', 'connection': 'keep-alive'}) [OUTGOING RESPONSE] STATUS: 200 | RESPONSE_BODY: {'message': '🚀 Service up and running'}
[1;33m[FastAPI] 19936 | [0m[1;37mOct-10-24 17:14:40 | [0m[1;33m[HTTPExceptionHandler] | [0mERROR: ❌ [INCOMING REQUEST] METHOD: GET | URL: /api/v1/health | HEADERS: Headers({'content-type': 'application/json', 'user-agent': 'PostmanRuntime/7.42.0', 'accept': '*/*', 'cache-control': 'no-cache', 'postman-token': 'edea744b-7f6f-4fda-b702-40b8fb581c16', 'host': 'localhost:8000', 'accept-encoding': 'gzip, deflate, br', 'connection': 'keep-alive'}) [OUTGOING RESPONSE] STATUS: 404 | RESPONSE_BODY: status=404 success='error' message='This endpoint does not exist.' data=None timestamp='2024-10-10T22:14:40.231689+00:00'
[1;33m[FastAPI] 19936 | [0m[1;37mOct-10-24 17:14:40 | [0m[1;33m[HTTPLoggingInterceptor] | [0mINFO: 📄 [INCOMING REQUEST] METHOD: GET | URL: /api/v1/health | HEADERS: Headers({'content-type': 'application/json', 'user-agent': 'PostmanRuntime/7.42.0', 'accept': '*/*', 'cache-control': 'no-cache', 'postman-token': 'edea744b-7f6f-4fda-b702-40b8fb581c16', 'host': 'localhost:8000', 'accept-encoding': 'gzip, deflate, br', 'connection': 'keep-alive'}) [OUTGOING RESPONSE] STATUS: 404 | RESPONSE_BODY: {'status': 404, 'success': 'error', 'message': 'This endpoint does not exist.', 'data': None, 'timestamp': '2024-10-10T22:14:40.231689+00:00'}
[1;33m[FastAPI] 6804 | [0m[1;37mOct-10-24 17:15:12 | [0m[1;33m[HTTPExceptionHandler] | [0mERROR: ❌ [INCOMING REQUEST] METHOD: GET | URL: /api/v1/health | HEADERS: Headers({'content-type': 'application/json', 'user-agent': 'PostmanRuntime/7.42.0', 'accept': '*/*', 'cache-control': 'no-cache', 'postman-token': 'd2112175-0ec8-42f6-adee-ff6767746f7e', 'host': 'localhost:8000', 'accept-encoding': 'gzip, deflate, br', 'connection': 'keep-alive'}) [OUTGOING RESPONSE] STATUS: 404 | RESPONSE_BODY: status=404 success='error' message='This endpoint does not exist.' data=None timestamp='2024-10-10T22:15:12.688839+00:00'
[1;33m[FastAPI] 6804 | [0m[1;37mOct-10-24 17:15:12 | [0m[1;33m[HTTPLoggingInterceptor] | [0mINFO: 📄 [INCOMING REQUEST] METHOD: GET | URL: /api/v1/health | HEADERS: Headers({'content-type': 'application/json', 'user-agent': 'PostmanRuntime/7.42.0', 'accept': '*/*', 'cache-control': 'no-cache', 'postman-token': 'd2112175-0ec8-42f6-adee-ff6767746f7e', 'host': 'localhost:8000', 'accept-encoding': 'gzip, deflate, br', 'connection': 'keep-alive'}) [OUTGOING RESPONSE] STATUS: 404 | RESPONSE_BODY: {'status': 404, 'success': 'error', 'message': 'This endpoint does not exist.', 'data': None, 'timestamp': '2024-10-10T22:15:12.688839+00:00'}
[1;33m[FastAPI] 8772 | [0m[1;37mOct-10-24 17:15:27 | [0m[1;33m[HTTPLoggingInterceptor] | [0mINFO: 📄 [INCOMING REQUEST] METHOD: GET | URL: /api/v1/health | HEADERS: Headers({'content-type': 'application/json', 'user-agent': 'PostmanRuntime/7.42.0', 'accept': '*/*', 'cache-control': 'no-cache', 'postman-token': '1d52fb5a-1460-4a97-99b8-3d883f3dde8f', 'host': 'localhost:8000', 'accept-encoding': 'gzip, deflate, br', 'connection': 'keep-alive'}) [OUTGOING RESPONSE] STATUS: 404 | RESPONSE_BODY: {'status': 404, 'success': 'error', 'message': 'This endpoint does not exist.', 'data': None, 'timestamp': '2024-10-10T22:15:27.947904+00:00'}
[1;33m[FastAPI] 1764 | [0m[1;37mOct-10-24 17:16:10 | [0m[1;33m[HTTPExceptionHandler] | [0mERROR: ❌ [INCOMING REQUEST] METHOD: GET | URL: /api/v1/health | HEADERS: Headers({'content-type': 'application/json', 'user-agent': 'PostmanRuntime/7.42.0', 'accept': '*/*', 'cache-control': 'no-cache', 'postman-token': '78b43e90-b2fb-4f12-b5e6-a746eaf2378b', 'host': 'localhost:8000', 'accept-encoding': 'gzip, deflate, br', 'connection': 'keep-alive'}) [OUTGOING RESPONSE] STATUS: 404 | RESPONSE_BODY: status=404 success='error' message='This endpoint does not exist.' data=None timestamp='2024-10-10T22:16:10.507953+00:00'
[1;33m[FastAPI] 8508 | [0m[1;37mOct-10-24 20:14:05 | [0m[1;33m[HTTPExceptionHandler] | [0mERROR: ❌ [INCOMING REQUEST] METHOD: GET | URL: /api/v1/health | HEADERS: Headers({'content-type': 'application/json', 'user-agent': 'PostmanRuntime/7.42.0', 'accept': '*/*', 'cache-control': 'no-cache', 'postman-token': '38bb0075-5d23-44be-badb-213bd5b68dd3', 'host': 'localhost:8000', 'accept-encoding': 'gzip, deflate, br', 'connection': 'keep-alive'}) [OUTGOING RESPONSE] STATUS: 404 | RESPONSE_BODY: status=404 success='error' message='This endpoint does not exist.' data=None timestamp='2024-10-11T01:14:05.256518+00:00'
[1;33m[FastAPI] 18568 | [0m[1;37mOct-10-24 20:14:30 | [0m[1;33m[HTTPExceptionHandler] | [0mERROR: ❌ [INCOMING REQUEST] METHOD: GET | URL: /api/v1/health | HEADERS: Headers({'content-type': 'application/json', 'user-agent': 'PostmanRuntime/7.42.0', 'accept': '*/*', 'cache-control': 'no-cache', 'postman-token': 'dd368081-1ef0-4a35-99a3-7d23fff4aa16', 'host': 'localhost:8000', 'accept-encoding': 'gzip, deflate, br', 'connection': 'keep-alive'}) [OUTGOING RESPONSE] STATUS: 404 | RESPONSE_BODY: status=404 success='error' message='Not Found' data=None timestamp='2024-10-11T01:14:30.303370+00:00'
[1;33m[FastAPI] 16108 | [0m[1;37mOct-10-24 20:20:12 | [0m[1;33m[HTTPLoggingInterceptor] | [0mINFO: 📄 [INCOMING REQUEST] METHOD: GET | URL: /api/v1/health | HEADERS: Headers({'content-type': 'application/json', 'user-agent': 'PostmanRuntime/7.42.0', 'accept': '*/*', 'cache-control': 'no-cache', 'postman-token': '4432d821-1689-48bb-8ab9-1eac4f7011ac', 'host': 'localhost:8000', 'accept-encoding': 'gzip, deflate, br', 'connection': 'keep-alive'}) [OUTGOING RESPONSE] STATUS: 200 | RESPONSE_BODY: {'message': '🚀 Service up and running'}
[1;33m[FastAPI] 17928 | [0m[1;37mOct-10-24 20:20:30 | [0m[1;33m[HTTPExceptionHandler] | [0mERROR: ❌ [INCOMING REQUEST] METHOD: GET | URL: /api/v1/health | HEADERS: Headers({'content-type': 'application/json', 'user-agent': 'PostmanRuntime/7.42.0', 'accept': '*/*', 'cache-control': 'no-cache', 'postman-token': 'bc4e34f1-1a52-4f98-9d2f-19060e7a9e62', 'host': 'localhost:8000', 'accept-encoding': 'gzip, deflate, br', 'connection': 'keep-alive'}) [OUTGOING RESPONSE] STATUS: 404 | RESPONSE_BODY: status=404 success='error' message='Not Found' data=None timestamp='2024-10-11T01:20:30.879455+00:00'
[1;33m[FastAPI] 18980 | [0m[1;37mOct-10-24 20:26:40 | [0m[1;33m[HTTPLoggingInterceptor] | [0mINFO: 📄 [INCOMING REQUEST] METHOD: GET | URL: /api/v1/health
[1;33m[FastAPI] 18980 | [0m[1;37mOct-10-24 20:26:40 | [0m[1;33m[HTTPExceptionHandler] | [0mERROR: ❌ [INCOMING REQUEST] METHOD: GET | URL: /api/v1/health | HEADERS: Headers({'content-type': 'application/json', 'user-agent': 'PostmanRuntime/7.42.0', 'accept': '*/*', 'cache-control': 'no-cache', 'postman-token': '73b798f8-3f0c-437e-a4e0-d0906fe742a6', 'host': 'localhost:8000', 'accept-encoding': 'gzip, deflate, br', 'connection': 'keep-alive'}) [OUTGOING RESPONSE] STATUS: 404 | RESPONSE_BODY: status=404 success='error' message='Not Found' data=None timestamp='2024-10-11T01:26:40.004753+00:00'
[1;33m[FastAPI] 1464 | [0m[1;37mOct-10-24 20:28:09 | [0m[1;33m[HTTPLoggingInterceptor] | [0mINFO: 📄 [INCOMING REQUEST] METHOD: GET | URL: /api/v1/health
[1;33m[FastAPI] 13756 | [0m[1;37mOct-10-24 20:28:17 | [0m[1;33m[HTTPLoggingInterceptor] | [0mINFO: 📄 [INCOMING REQUEST] METHOD: GET | URL: /api/v1/health
[1;33m[FastAPI] 13756 | [0m[1;37mOct-10-24 20:28:17 | [0m[1;33m[HTTPExceptionHandler] | [0mERROR: ❌ [INCOMING REQUEST] METHOD: GET | URL: /api/v1/health | HEADERS: Headers({'content-type': 'application/json', 'user-agent': 'PostmanRuntime/7.42.0', 'accept': '*/*', 'cache-control': 'no-cache', 'postman-token': '9cc9db80-2e00-4554-ae50-0dfc1c9f4c59', 'host': 'localhost:8000', 'accept-encoding': 'gzip, deflate, br', 'connection': 'keep-alive'}) [OUTGOING RESPONSE] STATUS: 404 | RESPONSE_BODY: status=404 success='error' message='Not Found' data=None timestamp='2024-10-11T01:28:17.473575+00:00'
[1;33m[FastAPI] 18512 | [0m[1;37mOct-10-24 20:30:01 | [0m[1;33m[HTTPExceptionHandler] | [0mERROR: ❌ [INCOMING REQUEST] METHOD: GET | URL: /api/v1/health | HEADERS: Headers({'content-type': 'application/json', 'user-agent': 'PostmanRuntime/7.42.0', 'accept': '*/*', 'cache-control': 'no-cache', 'postman-token': '5ad732b8-f069-4779-9f68-d44f56f65ade', 'host': 'localhost:8000', 'accept-encoding': 'gzip, deflate, br', 'connection': 'keep-alive'}) [OUTGOING RESPONSE] STATUS: 404 | RESPONSE_BODY: status=404 success='error' message='Not Found' data=None timestamp='2024-10-11T01:30:01.833076+00:00'
[1;33m[FastAPI] 6016 | [0m[1;37mOct-10-24 20:30:31 | [0m[1;33m[HTTPExceptionHandler] | [0mERROR: ❌ [INCOMING REQUEST] METHOD: GET | URL: /api/v1/health | HEADERS: Headers({'content-type': 'application/json', 'user-agent': 'PostmanRuntime/7.42.0', 'accept': '*/*', 'cache-control': 'no-cache', 'postman-token': '95d3b77f-58ec-46cf-adc3-b32bfd6b3b2f', 'host': 'localhost:8000', 'accept-encoding': 'gzip, deflate, br', 'connection': 'keep-alive'}) [OUTGOING RESPONSE] STATUS: 404 | RESPONSE_BODY: status=404 success='error' message='Not Found' data=None timestamp='2024-10-11T01:30:31.470490+00:00'
[1;33m[FastAPI] 6016 | [0m[1;37mOct-10-24 20:30:31 | [0m[1;33m[HTTPLoggingInterceptor] | [0mINFO: 📄 None
[1;33m[FastAPI] 7848 | [0m[1;37mOct-10-24 20:31:04 | [0m[1;33m[HTTPExceptionHandler] | [0mERROR: ❌ [INCOMING REQUEST] METHOD: GET | URL: /api/v1/health | HEADERS: Headers({'content-type': 'application/json', 'user-agent': 'PostmanRuntime/7.42.0', 'accept': '*/*', 'cache-control': 'no-cache', 'postman-token': '0e576d0e-1800-400a-857a-24c822561305', 'host': 'localhost:8000', 'accept-encoding': 'gzip, deflate, br', 'connection': 'keep-alive'}) [OUTGOING RESPONSE] STATUS: 404 | RESPONSE_BODY: status=404 success='error' message='Not Found' data=None timestamp='2024-10-11T01:31:04.127585+00:00'
[1;33m[FastAPI] 5456 | [0m[1;37mOct-10-24 20:31:52 | [0m[1;33m[HTTPLoggingInterceptor] | [0mINFO: 📄 None
[1;33m[FastAPI] 7644 | [0m[1;37mOct-10-24 20:33:56 | [0m[1;33m[HTTPLoggingInterceptor] | [0mINFO: 📄 [INCOMING REQUEST] METHOD: GET | URL: /api/v1/health | HEADERS: Headers({'content-type': 'application/json', 'user-agent': 'PostmanRuntime/7.42.0', 'accept': '*/*', 'cache-control': 'no-cache', 'postman-token': '4d2bd6a0-5bff-4e6f-9da4-79f58f43ba3b', 'host': 'localhost:8000', 'accept-encoding': 'gzip, deflate, br', 'connection': 'keep-alive'}) [OUTGOING RESPONSE] STATUS: 200 | RESPONSE_BODY: {'message': '🚀 Service up and running'}
[1;33m[FastAPI] 6316 | [0m[1;37mOct-10-24 20:35:49 | [0m[1;33m[HTTPLoggingInterceptor] | [0mINFO: 📄 [INCOMING REQUEST] METHOD: GET | URL: /api/v1/health | HEADERS: Headers({'content-type': 'application/json', 'user-agent': 'PostmanRuntime/7.42.0', 'accept': '*/*', 'cache-control': 'no-cache', 'postman-token': 'd5fe3b17-c158-4c54-b8e2-884efa87d2e0', 'host': 'localhost:8000', 'accept-encoding': 'gzip, deflate, br', 'connection': 'keep-alive'}) [OUTGOING RESPONSE] STATUS: 404 | RESPONSE_BODY: {'detail': 'Not Found'}
[1;33m[FastAPI] 21052 | [0m[1;37mOct-10-24 20:36:39 | [0m[1;33m[HTTPLoggingInterceptor] | [0mINFO: 📄 [INCOMING REQUEST] METHOD: GET | URL: /api/v1/health | HEADERS: Headers({'content-type': 'application/json', 'user-agent': 'PostmanRuntime/7.42.0', 'accept': '*/*', 'cache-control': 'no-cache', 'postman-token': 'c33ac2d8-af22-40d4-a5e1-b5bd42a54b65', 'host': 'localhost:8000', 'accept-encoding': 'gzip, deflate, br', 'connection': 'keep-alive'}) [OUTGOING RESPONSE] STATUS: 404 | RESPONSE_BODY: {'detail': 'Not Found'}
[1;33m[FastAPI] 17052 | [0m[1;37mOct-10-24 20:37:34 | [0m[1;33m[HTTPLoggingInterceptor] | [0mINFO: 📄 [INCOMING REQUEST] METHOD: GET | URL: /api/v1/health | HEADERS: Headers({'content-type': 'application/json', 'user-agent': 'PostmanRuntime/7.42.0', 'accept': '*/*', 'cache-control': 'no-cache', 'postman-token': '220c2d7b-1f92-4f44-9f3b-6fa7dcb8a4bd', 'host': 'localhost:8000', 'accept-encoding': 'gzip, deflate, br', 'connection': 'keep-alive'}) [OUTGOING RESPONSE] STATUS: 404 | RESPONSE_BODY: {'detail': 'Not Found'}
[1;33m[FastAPI] 15456 | [0m[1;37mOct-10-24 20:37:44 | [0m[1;33m[HTTPLoggingInterceptor] | [0mINFO: 📄 [INCOMING REQUEST] METHOD: GET | URL: /api/v1/health | HEADERS: Headers({'content-type': 'application/json', 'user-agent': 'PostmanRuntime/7.42.0', 'accept': '*/*', 'cache-control': 'no-cache', 'postman-token': 'd6ea52e0-0479-484b-8426-e94b8eb9c52a', 'host': 'localhost:8000', 'accept-encoding': 'gzip, deflate, br', 'connection': 'keep-alive'}) [OUTGOING RESPONSE] STATUS: 404 | RESPONSE_BODY: {'detail': 'Not Found'}
[1;33m[FastAPI] 21468 | [0m[1;37mOct-10-24 20:40:12 | [0m[1;33m[HTTPExceptionHandler] | [0mERROR: ❌ [INCOMING REQUEST] METHOD: GET | URL: /api/v1/health | HEADERS: Headers({'content-type': 'application/json', 'user-agent': 'PostmanRuntime/7.42.0', 'accept': '*/*', 'cache-control': 'no-cache', 'postman-token': 'ce9cc075-718f-4d1b-aaea-cd3d0e6835b6', 'host': 'localhost:8000', 'accept-encoding': 'gzip, deflate, br', 'connection': 'keep-alive'}) [OUTGOING RESPONSE] STATUS: 404 | RESPONSE_BODY: status=404 success=False message='Not Found' data=None timestamp='2024-10-11T01:40:12.925478+00:00'
[1;33m[FastAPI] 21468 | [0m[1;37mOct-10-24 20:40:12 | [0m[1;33m[HTTPLoggingInterceptor] | [0mINFO: 📄 [INCOMING REQUEST] METHOD: GET | URL: /api/v1/health | HEADERS: Headers({'content-type': 'application/json', 'user-agent': 'PostmanRuntime/7.42.0', 'accept': '*/*', 'cache-control': 'no-cache', 'postman-token': 'ce9cc075-718f-4d1b-aaea-cd3d0e6835b6', 'host': 'localhost:8000', 'accept-encoding': 'gzip, deflate, br', 'connection': 'keep-alive'}) [OUTGOING RESPONSE] STATUS: 404 | RESPONSE_BODY: {'status': 404, 'success': False, 'message': 'Not Found', 'data': None, 'timestamp': '2024-10-11T01:40:12.925478+00:00'}
[1;33m[FastAPI] 3860 | [0m[1;37mOct-10-24 20:43:23 | [0m[1;33m[HTTPExceptionHandler] | [0mERROR: ❌ [INCOMING REQUEST] METHOD: GET | URL: /api/v1/health | HEADERS: Headers({'content-type': 'application/json', 'user-agent': 'PostmanRuntime/7.42.0', 'accept': '*/*', 'cache-control': 'no-cache', 'postman-token': '8ffa0c24-8d82-4a4f-aabd-9db22bd5aec6', 'host': 'localhost:8000', 'accept-encoding': 'gzip, deflate, br', 'connection': 'keep-alive'}) [OUTGOING RESPONSE] STATUS: 404 | RESPONSE_BODY: status=404 success=False message='Not Found' data=None timestamp='2024-10-11T01:43:23.684618+00:00'
[1;33m[FastAPI] 13768 | [0m[1;37mOct-10-24 20:43:47 | [0m[1;33m[HTTPExceptionHandler] | [0mERROR: ❌ [INCOMING REQUEST] METHOD: GET | URL: /api/v1/health | HEADERS: Headers({'content-type': 'application/json', 'user-agent': 'PostmanRuntime/7.42.0', 'accept': '*/*', 'cache-control': 'no-cache', 'postman-token': '8301e2e9-b80b-403f-903a-511fb5276451', 'host': 'localhost:8000', 'accept-encoding': 'gzip, deflate, br', 'connection': 'keep-alive'}) [OUTGOING RESPONSE] STATUS: 404 | RESPONSE_BODY: status=404 success=False message='Not Found' data=None timestamp='2024-10-11T01:43:47.290385+00:00'
[1;33m[FastAPI] 19080 | [0m[1;37mOct-10-24 20:44:17 | [0m[1;33m[HTTPExceptionHandler] | [0mERROR: ❌ [INCOMING REQUEST] METHOD: GET | URL: /api/v1/health | HEADERS: Headers({'content-type': 'application/json', 'user-agent': 'PostmanRuntime/7.42.0', 'accept': '*/*', 'cache-control': 'no-cache', 'postman-token': '75114f04-9235-4b41-bf2d-740d5ad77114', 'host': 'localhost:8000', 'accept-encoding': 'gzip, deflate, br', 'connection': 'keep-alive'}) [OUTGOING RESPONSE] STATUS: 404 | RESPONSE_BODY: status=404 success=False message='Not Found' data=None timestamp='2024-10-11T01:44:17.172270+00:00'
[1;33m[FastAPI] 5356 | [0m[1;37mOct-10-24 20:44:49 | [0m[1;33m[HTTPExceptionHandler] | [0mERROR: ❌ [INCOMING REQUEST] METHOD: GET | URL: /api/v1/health | HEADERS: Headers({'content-type': 'application/json', 'user-agent': 'PostmanRuntime/7.42.0', 'accept': '*/*', 'cache-control': 'no-cache', 'postman-token': '4bebb043-82c8-4e78-9b3e-709e2612c699', 'host': 'localhost:8000', 'accept-encoding': 'gzip, deflate, br', 'connection': 'keep-alive'}) [OUTGOING RESPONSE] STATUS: 404 | RESPONSE_BODY: status=404 success=False message='Not Found' data=None timestamp='2024-10-11T01:44:49.410355+00:00'
[1;33m[FastAPI] 14572 | [0m[1;37mOct-10-24 20:45:20 | [0m[1;33m[HTTPExceptionHandler] | [0mERROR: ❌ [INCOMING REQUEST] METHOD: GET | URL: /api/v1/health | HEADERS: Headers({'content-type': 'application/json', 'user-agent': 'PostmanRuntime/7.42.0', 'accept': '*/*', 'cache-control': 'no-cache', 'postman-token': '926ab1dd-5cf3-4360-afd8-2af39451fa34', 'host': 'localhost:8000', 'accept-encoding': 'gzip, deflate, br', 'connection': 'keep-alive'}) [OUTGOING RESPONSE] STATUS: 404 | RESPONSE_BODY: status=404 success=False message='Not Found' data=None timestamp='2024-10-11T01:45:20.551425+00:00'
[1;33m[FastAPI] 1968 | [0m[1;37mOct-10-24 20:47:39 | [0m[1;33m[HTTPExceptionHandler] | [0mERROR: ❌ [INCOMING REQUEST] METHOD: GET | URL: /api/v1/health | HEADERS: Headers({'content-type': 'application/json', 'user-agent': 'PostmanRuntime/7.42.0', 'accept': '*/*', 'cache-control': 'no-cache', 'postman-token': '1bac525b-54fa-4ec8-831c-9726a9826f1f', 'host': 'localhost:8000', 'accept-encoding': 'gzip, deflate, br', 'connection': 'keep-alive'}) [OUTGOING RESPONSE] STATUS: 404 | RESPONSE_BODY: status=404 success=False message='Not Found' data=None timestamp='2024-10-11T01:47:39.654165+00:00'
[1;33m[FastAPI] 1416 | [0m[1;37mOct-10-24 20:48:17 | [0m[1;33m[HTTPLoggingInterceptor] | [0mINFO: 📄 [INCOMING REQUEST] METHOD: GET | URL: /api/v1/health | HEADERS: Headers({'content-type': 'application/json', 'user-agent': 'PostmanRuntime/7.42.0', 'accept': '*/*', 'cache-control': 'no-cache', 'postman-token': '2250f024-959c-4d35-b27a-02e65ee9261b', 'host': 'localhost:8000', 'accept-encoding': 'gzip, deflate, br', 'connection': 'keep-alive'}) [OUTGOING RESPONSE] STATUS: 200 | RESPONSE_BODY: {'message': '🚀 Service up and running'}
[1;33m[FastAPI] 9080 | [0m[1;37mOct-10-24 20:48:27 | [0m[1;33m[HTTPExceptionHandler] | [0mERROR: ❌ [INCOMING REQUEST] METHOD: GET | URL: /api/v1/health | HEADERS: Headers({'content-type': 'application/json', 'user-agent': 'PostmanRuntime/7.42.0', 'accept': '*/*', 'cache-control': 'no-cache', 'postman-token': '99b05d36-b9ae-4ce3-9ef7-4024f4740a78', 'host': 'localhost:8000', 'accept-encoding': 'gzip, deflate, br', 'connection': 'keep-alive'}) [OUTGOING RESPONSE] STATUS: 404 | RESPONSE_BODY: status=404 success=False message='This endpoint does not exist.' data=None timestamp='2024-10-11T01:48:27.266460+00:00'
[1;33m[FastAPI] 12312 | [0m[1;37mOct-10-24 20:49:11 | [0m[1;33m[HTTPExceptionHandler] | [0mERROR: ❌ [INCOMING REQUEST] METHOD: GET | URL: /api/v1/health | HEADERS: Headers({'content-type': 'application/json', 'user-agent': 'PostmanRuntime/7.42.0', 'accept': '*/*', 'cache-control': 'no-cache', 'postman-token': '39e10031-92be-4c6c-86d4-457adbf37c94', 'host': 'localhost:8000', 'accept-encoding': 'gzip, deflate, br', 'connection': 'keep-alive'}) [OUTGOING RESPONSE] STATUS: 404 | RESPONSE_BODY: status=404 success=False message='This endpoint does not exist.' data=None timestamp='2024-10-11T01:49:11.986207+00:00'
[1;33m[FastAPI] 13192 | [0m[1;37mOct-10-24 20:56:41 | [0m[1;33m[GeneralExceptionHandler] | [0mERROR: ❌ [INCOMING REQUEST] METHOD: GET | URL: /api/v1/health | HEADERS: Headers({'content-type': 'application/json', 'user-agent': 'PostmanRuntime/7.42.0', 'accept': '*/*', 'cache-control': 'no-cache', 'postman-token': '7a31f079-56b5-4895-9979-098a4c0f6650', 'host': 'localhost:8000', 'accept-encoding': 'gzip, deflate, br', 'connection': 'keep-alive'}) [OUTGOING RESPONSE] STATUS: 500 | RESPONSE_BODY: status=500 success=False message='Internal Server Error' data=None timestamp='2024-10-11T01:56:41.036857+00:00'
[1;33m[FastAPI] 15148 | [0m[1;37mOct-10-24 20:56:59 | [0m[1;33m[GeneralExceptionHandler] | [0mERROR: ❌ [INCOMING REQUEST] METHOD: GET | URL: /api/v1/health | HEADERS: Headers({'content-type': 'application/json', 'user-agent': 'PostmanRuntime/7.42.0', 'accept': '*/*', 'cache-control': 'no-cache', 'postman-token': 'ac521ebb-5baf-428f-8e77-90dd61fbdd06', 'host': 'localhost:8000', 'accept-encoding': 'gzip, deflate, br', 'connection': 'keep-alive'}) [OUTGOING RESPONSE] STATUS: 500 | RESPONSE_BODY: status=500 success=False message='Internal Server Error' data=None timestamp='2024-10-11T01:56:59.016515+00:00'
[1;33m[FastAPI] 3120 | [0m[1;37mOct-10-24 20:58:43 | [0m[1;33m[GeneralExceptionHandler] | [0mERROR: ❌ [INCOMING REQUEST] METHOD: GET | URL: /api/v1/health | HEADERS: Headers({'content-type': 'application/json', 'user-agent': 'PostmanRuntime/7.42.0', 'accept': '*/*', 'cache-control': 'no-cache', 'postman-token': '8e5d59a3-91af-4db6-b043-524f48b5e514', 'host': 'localhost:8000', 'accept-encoding': 'gzip, deflate, br', 'connection': 'keep-alive'}) [OUTGOING RESPONSE] STATUS: 500 | RESPONSE_BODY: status=500 success=False message='Internal Server Error' data=None timestamp='2024-10-11T01:58:43.972282+00:00'
[1;33m[FastAPI] 2320 | [0m[1;37mOct-10-24 21:00:49 | [0m[1;33m[GeneralExceptionHandler] | [0mERROR: ❌ Exception Type: Exception | Message: This is a test error.
[1;33m[FastAPI] 2320 | [0m[1;37mOct-10-24 21:00:49 | [0m[1;33m[GeneralExceptionHandler] | [0mERROR: ❌ [INCOMING REQUEST] METHOD: GET | URL: /api/v1/health | HEADERS: Headers({'content-type': 'application/json', 'user-agent': 'PostmanRuntime/7.42.0', 'accept': '*/*', 'cache-control': 'no-cache', 'postman-token': '53bf6f2b-298f-4389-9104-678e8181f55e', 'host': 'localhost:8000', 'accept-encoding': 'gzip, deflate, br', 'connection': 'keep-alive'}) [OUTGOING RESPONSE] STATUS: 500 | RESPONSE_BODY: status=500 success=False message='Internal Server Error' data=None timestamp='2024-10-11T02:00:49.473944+00:00'
[1;33m[FastAPI] 7292 | [0m[1;37mOct-10-24 21:01:12 | [0m[1;33m[GeneralExceptionHandler] | [0mERROR: ❌ [INCOMING REQUEST] METHOD: GET | URL: /api/v1/health | HEADERS: Headers({'content-type': 'application/json', 'user-agent': 'PostmanRuntime/7.42.0', 'accept': '*/*', 'cache-control': 'no-cache', 'postman-token': '7f5b5535-baa8-4cae-bbb2-b2d18a9dea57', 'host': 'localhost:8000', 'accept-encoding': 'gzip, deflate, br', 'connection': 'keep-alive'}) [OUTGOING RESPONSE] STATUS: 500 | RESPONSE_BODY: status=500 success=False message='Internal Server Error' data=None timestamp='2024-10-11T02:01:12.617765+00:00'
[1;33m[FastAPI] 9860 | [0m[1;37mOct-10-24 21:01:20 | [0m[1;33m[GeneralExceptionHandler] | [0mERROR: ❌ Exception Type: Exception | Message: This is a test error.
[1;33m[FastAPI] 9860 | [0m[1;37mOct-10-24 21:01:20 | [0m[1;33m[GeneralExceptionHandler] | [0mERROR: ❌ [INCOMING REQUEST] METHOD: GET | URL: /api/v1/health | HEADERS: Headers({'content-type': 'application/json', 'user-agent': 'PostmanRuntime/7.42.0', 'accept': '*/*', 'cache-control': 'no-cache', 'postman-token': 'a47cf2b0-416e-45f2-84f3-eacbb12191ab', 'host': 'localhost:8000', 'accept-encoding': 'gzip, deflate, br', 'connection': 'keep-alive'}) [OUTGOING RESPONSE] STATUS: 500 | RESPONSE_BODY: status=500 success=False message='Internal Server Error' data=None timestamp='2024-10-11T02:01:20.412578+00:00'
[1;33m[FastAPI] 20272 | [0m[1;37mOct-10-24 21:02:20 | [0m[1;33m[GeneralExceptionHandler] | [0mERROR: ❌ [INCOMING REQUEST] METHOD: GET | URL: /api/v1/health | HEADERS: Headers({'content-type': 'application/json', 'user-agent': 'PostmanRuntime/7.42.0', 'accept': '*/*', 'cache-control': 'no-cache', 'postman-token': 'aaf978b6-4ea0-4777-9eda-df780b768785', 'host': 'localhost:8000', 'accept-encoding': 'gzip, deflate, br', 'connection': 'keep-alive'}) [OUTGOING RESPONSE] STATUS: 500 | RESPONSE_BODY: status=500 success=False message='Internal Server Error' data=None timestamp='2024-10-11T02:02:20.158941+00:00'
[1;33m[FastAPI] 1464 | [0m[1;37mOct-10-24 21:06:18 | [0m[1;33m[HTTPLoggingInterceptor] | [0mINFO: 📄 [INCOMING REQUEST] METHOD: GET | URL: /api/v1/health | HEADERS: Headers({'content-type': 'application/json', 'user-agent': 'PostmanRuntime/7.42.0', 'accept': '*/*', 'cache-control': 'no-cache', 'postman-token': '89287bc7-442c-444d-a771-3ac8d35fd9bf', 'host': 'localhost:8000', 'accept-encoding': 'gzip, deflate, br', 'connection': 'keep-alive'}) [OUTGOING RESPONSE] STATUS: 200 | RESPONSE_BODY: {'message': '🚀 Service up and running'}
[1;33m[FastAPI] 1852 | [0m[1;37mOct-10-24 21:06:29 | [0m[1;33m[GeneralExceptionHandler] | [0mERROR: ❌ [INCOMING REQUEST] METHOD: GET | URL: /api/v1/health | HEADERS: Headers({'content-type': 'application/json', 'user-agent': 'PostmanRuntime/7.42.0', 'accept': '*/*', 'cache-control': 'no-cache', 'postman-token': '38e86385-1949-4828-aa5b-9aedae50f750', 'host': 'localhost:8000', 'accept-encoding': 'gzip, deflate, br', 'connection': 'keep-alive'}) [OUTGOING RESPONSE] STATUS: 500 | RESPONSE_BODY: status=500 success=False message='Internal Server Error' data=None timestamp='2024-10-11T02:06:29.816183+00:00'
[1;33m[FastAPI] 10520 | [0m[1;37mOct-10-24 21:07:32 | [0m[1;33m[GeneralExceptionHandler] | [0mERROR: ❌ [INCOMING REQUEST] METHOD: GET | URL: /api/v1/health | HEADERS: Headers({'content-type': 'application/json', 'user-agent': 'PostmanRuntime/7.42.0', 'accept': '*/*', 'cache-control': 'no-cache', 'postman-token': '8cbf19a2-efaf-47c3-8680-5469ad42142f', 'host': 'localhost:8000', 'accept-encoding': 'gzip, deflate, br', 'connection': 'keep-alive'}) [OUTGOING RESPONSE] STATUS: 500 | RESPONSE_BODY: status=500 success=False message='Internal Server Error' data=None timestamp='2024-10-11T02:07:32.214826+00:00'
[1;33m[FastAPI] 15648 | [0m[1;37mOct-10-24 21:10:03 | [0m[1;33m[GeneralExceptionHandler] | [0mERROR: ❌ [INCOMING REQUEST] METHOD: GET | URL: /api/v1/health | HEADERS: Headers({'content-type': 'application/json', 'user-agent': 'PostmanRuntime/7.42.0', 'accept': '*/*', 'cache-control': 'no-cache', 'postman-token': 'ae7971b0-f343-4914-b733-89843a24d9bb', 'host': 'localhost:8000', 'accept-encoding': 'gzip, deflate, br', 'connection': 'keep-alive'}) [OUTGOING RESPONSE] STATUS: 500 | RESPONSE_BODY: status=500 success=False message='Internal Server Error' data=None timestamp='2024-10-11T02:10:03.119793+00:00'
[1;33m[FastAPI] 12136 | [0m[1;37mOct-10-24 21:10:40 | [0m[1;33m[GeneralExceptionHandler] | [0mERROR: ❌ [INCOMING REQUEST] METHOD: GET | URL: /api/v1/health | HEADERS: Headers({'content-type': 'application/json', 'user-agent': 'PostmanRuntime/7.42.0', 'accept': '*/*', 'cache-control': 'no-cache', 'postman-token': 'a442bc4d-b4d0-4445-814a-d5be017a8a50', 'host': 'localhost:8000', 'accept-encoding': 'gzip, deflate, br', 'connection': 'keep-alive'}) [OUTGOING RESPONSE] STATUS: 500 | RESPONSE_BODY: status=500 success=False message='Internal Server Error' data=None timestamp='2024-10-11T02:10:40.275279+00:00'
[1;33m[FastAPI] 21840 | [0m[1;37mOct-10-24 21:18:09 | [0m[1;33m[HTTPLoggingInterceptor] | [0mINFO: 📄 [INCOMING REQUEST] METHOD: GET | URL: /api/v1/health | HEADERS: Headers({'content-type': 'application/json', 'user-agent': 'PostmanRuntime/7.42.0', 'accept': '*/*', 'cache-control': 'no-cache', 'postman-token': '469d1dc6-4f2b-4985-989d-b70eb955da52', 'host': 'localhost:8000', 'accept-encoding': 'gzip, deflate, br', 'connection': 'keep-alive'}) [OUTGOING RESPONSE] STATUS: 200 | RESPONSE_BODY: {'message': '🚀 Service up and running'}
[1;33m[FastAPI] 1996 | [0m[1;37mOct-10-24 21:28:59 | [0m[1;33m[GeneralExceptionHandler] | [0mERROR: ❌ [INCOMING REQUEST] METHOD: GET | URL: /api/v1/health | HEADERS: Headers({'content-type': 'application/json', 'user-agent': 'PostmanRuntime/7.42.0', 'accept': '*/*', 'cache-control': 'no-cache', 'postman-token': 'f452dcce-fa7b-4adb-b3e8-141fc81f0662', 'host': 'localhost:8000', 'accept-encoding': 'gzip, deflate, br', 'connection': 'keep-alive'}) [OUTGOING RESPONSE] STATUS: 500 | RESPONSE_BODY: status=500 success=False message='Internal Server Error' data=None timestamp='2024-10-11T02:28:59.341347+00:00'
[1;33m[FastAPI] 20684 | [0m[1;37mOct-10-24 21:30:24 | [0m[1;33m[GeneralExceptionHandler] | [0mERROR: ❌ [INCOMING REQUEST] METHOD: GET | URL: /api/v1/health | HEADERS: Headers({'content-type': 'application/json', 'user-agent': 'PostmanRuntime/7.42.0', 'accept': '*/*', 'cache-control': 'no-cache', 'postman-token': 'bc53769d-ae20-4e07-8d62-f0641e6e1741', 'host': 'localhost:8000', 'accept-encoding': 'gzip, deflate, br', 'connection': 'keep-alive'}) [OUTGOING RESPONSE] STATUS: 500 | RESPONSE_BODY: status=500 success=False message='Internal Server Error' data=None timestamp='2024-10-11T02:30:24.725028+00:00'
[1;33m[FastAPI] 15804 | [0m[1;37mOct-10-24 21:30:39 | [0m[1;33m[GeneralExceptionHandler] | [0mERROR: ❌ [INCOMING REQUEST] METHOD: GET | URL: /api/v1/health | HEADERS: Headers({'content-type': 'application/json', 'user-agent': 'PostmanRuntime/7.42.0', 'accept': '*/*', 'cache-control': 'no-cache', 'postman-token': '089c72f1-ab7a-458a-b782-82537902a072', 'host': 'localhost:8000', 'accept-encoding': 'gzip, deflate, br', 'connection': 'keep-alive'}) [OUTGOING RESPONSE] STATUS: 500 | RESPONSE_BODY: status=500 success=False message='Internal Server Error' data=None timestamp='2024-10-11T02:30:39.600851+00:00'
[1;33m[FastAPI] 7388 | [0m[1;37mOct-10-24 21:31:09 | [0m[1;33m[GeneralExceptionHandler] | [0mERROR: ❌ [INCOMING REQUEST] METHOD: GET | URL: /api/v1/health | HEADERS: Headers({'content-type': 'application/json', 'user-agent': 'PostmanRuntime/7.42.0', 'accept': '*/*', 'cache-control': 'no-cache', 'postman-token': '5c007e1b-1aed-4408-9e80-28a61de67b00', 'host': 'localhost:8000', 'accept-encoding': 'gzip, deflate, br', 'connection': 'keep-alive'}) [OUTGOING RESPONSE] STATUS: 500 | RESPONSE_BODY: status=500 success=False message='Internal Server Error' data=None timestamp='2024-10-11T02:31:09.875150+00:00'
[1;33m[FastAPI] 19636 | [0m[1;37mOct-10-24 21:32:03 | [0m[1;33m[GeneralExceptionHandler] | [0mERROR: ❌ [INCOMING REQUEST] METHOD: GET | URL: /api/v1/health | HEADERS: Headers({'content-type': 'application/json', 'user-agent': 'PostmanRuntime/7.42.0', 'accept': '*/*', 'cache-control': 'no-cache', 'postman-token': 'd25fbb7f-2d44-41fb-9cac-c93a0b3110b9', 'host': 'localhost:8000', 'accept-encoding': 'gzip, deflate, br', 'connection': 'keep-alive'}) [OUTGOING RESPONSE] STATUS: 500 | RESPONSE_BODY: status=500 success=False message='Internal Server Error' data=None timestamp='2024-10-11T02:32:03.659011+00:00'
[1;33m[FastAPI] 18304 | [0m[1;37mOct-10-24 21:34:32 | [0m[1;33m[GeneralExceptionHandler] | [0mERROR: ❌ [INCOMING REQUEST] METHOD: GET | URL: /api/v1/health | HEADERS: Headers({'content-type': 'application/json', 'user-agent': 'PostmanRuntime/7.42.0', 'accept': '*/*', 'cache-control': 'no-cache', 'postman-token': '46ff6513-e19e-4786-b7b0-c53f43c57a0a', 'host': 'localhost:8000', 'accept-encoding': 'gzip, deflate, br', 'connection': 'keep-alive'}) [OUTGOING RESPONSE] STATUS: 500 | RESPONSE_BODY: status=500 success=False message='Internal Server Error' data=None timestamp='2024-10-11T02:34:32.608711+00:00'
[1;33m[FastAPI] 12956 | [0m[1;37mOct-10-24 21:36:18 | [0m[1;33m[HTTPLoggingInterceptor] | [0mERROR: ❌ Error in HTTPLoggingInterceptor: name 'response_body_st' is not defined
[1;33m[FastAPI] 15804 | [0m[1;37mOct-10-24 21:36:45 | [0m[1;33m[HTTPLoggingInterceptor] | [0mINFO: 📄 [INCOMING REQUEST] METHOD: GET | URL: /api/v1/health | HEADERS: Headers({'content-type': 'application/json', 'user-agent': 'PostmanRuntime/7.42.0', 'accept': '*/*', 'cache-control': 'no-cache', 'postman-token': '389d3b67-9290-440c-98db-5894cb71c2a2', 'host': 'localhost:8000', 'accept-encoding': 'gzip, deflate, br', 'connection': 'keep-alive'}) [OUTGOING RESPONSE] STATUS: 200 | RESPONSE_BODY: {'message': '🚀 Service up and running'}
[1;33m[FastAPI] 15828 | [0m[1;37mOct-10-24 21:37:03 | [0m[1;33m[HTTPLoggingInterceptor] | [0mERROR: ❌ Error in HTTPLoggingInterceptor: This is a test error.
[1;33m[FastAPI] 12164 | [0m[1;37mOct-10-24 21:37:43 | [0m[1;33m[HTTPLoggingInterceptor] | [0mERROR: ❌ Error in HTTPLoggingInterceptor: name 'response_body_st' is not defined
[1;33m[FastAPI] 10860 | [0m[1;37mOct-10-24 21:38:07 | [0m[1;33m[GeneralExceptionHandler] | [0mERROR: ❌ [INCOMING REQUEST] METHOD: GET | URL: /api/v1/health | HEADERS: Headers({'content-type': 'application/json', 'user-agent': 'PostmanRuntime/7.42.0', 'accept': '*/*', 'cache-control': 'no-cache', 'postman-token': 'bb0f9fbe-2216-4569-8bfb-a8cd069a2dc2', 'host': 'localhost:8000', 'accept-encoding': 'gzip, deflate, br', 'connection': 'keep-alive'}) [OUTGOING RESPONSE] STATUS: 500 | RESPONSE_BODY: status=500 success=False message='Internal Server Error' data=None timestamp='2024-10-11T02:38:07.594051+00:00'
[1;33m[FastAPI] 17456 | [0m[1;37mOct-10-24 21:41:07 | [0m[1;33m[GeneralExceptionHandler] | [0mERROR: ❌ [INCOMING REQUEST] METHOD: GET | URL: /api/v1/health | HEADERS: Headers({'content-type': 'application/json', 'user-agent': 'PostmanRuntime/7.42.0', 'accept': '*/*', 'cache-control': 'no-cache', 'postman-token': '064d4855-b040-4727-b73c-154f12ee0cce', 'host': 'localhost:8000', 'accept-encoding': 'gzip, deflate, br', 'connection': 'keep-alive'}) [OUTGOING RESPONSE] STATUS: 500 | RESPONSE_BODY: status=500 success=False message='Internal Server Error' data=None timestamp='2024-10-11T02:41:07.429625+00:00'
